d:\dev\leetcode\leetcode\x64\debug\vc143.pdb
d:\dev\leetcode\leetcode\x64\debug\vc143.idb
d:\dev\leetcode\leetcode\x64\debug\twosum.obj
d:\dev\leetcode\leetcode\x64\debug\addtwonumbers.obj
d:\dev\leetcode\leetcode\x64\debug\main.obj
d:\dev\leetcode\x64\debug\leetcode.pdb
d:\dev\leetcode\leetcode\x64\debug\leetcode.tlog\cl.command.1.tlog
d:\dev\leetcode\leetcode\x64\debug\leetcode.tlog\cl.items.tlog
d:\dev\leetcode\leetcode\x64\debug\leetcode.tlog\cl.read.1.tlog
d:\dev\leetcode\leetcode\x64\debug\leetcode.tlog\cl.write.1.tlog
d:\dev\leetcode\leetcode\x64\debug\leetcode.tlog\link-cvtres.read.1.tlog
d:\dev\leetcode\leetcode\x64\debug\leetcode.tlog\link-cvtres.write.1.tlog
d:\dev\leetcode\leetcode\x64\debug\leetcode.tlog\link-rc.read.1.tlog
d:\dev\leetcode\leetcode\x64\debug\leetcode.tlog\link-rc.write.1.tlog
d:\dev\leetcode\leetcode\x64\debug\leetcode.tlog\link.25864-cvtres.read.1.tlog
d:\dev\leetcode\leetcode\x64\debug\leetcode.tlog\link.25864-cvtres.write.1.tlog
d:\dev\leetcode\leetcode\x64\debug\leetcode.tlog\link.25864-rc.read.1.tlog
d:\dev\leetcode\leetcode\x64\debug\leetcode.tlog\link.25864-rc.write.1.tlog
d:\dev\leetcode\leetcode\x64\debug\leetcode.tlog\link.25864.read.1.tlog
d:\dev\leetcode\leetcode\x64\debug\leetcode.tlog\link.25864.read.2.tlog
d:\dev\leetcode\leetcode\x64\debug\leetcode.tlog\link.25864.write.1.tlog
d:\dev\leetcode\leetcode\x64\debug\leetcode.tlog\link.command.1.tlog
d:\dev\leetcode\leetcode\x64\debug\leetcode.tlog\link.read.1.tlog
d:\dev\leetcode\leetcode\x64\debug\leetcode.tlog\link.read.2.tlog
d:\dev\leetcode\leetcode\x64\debug\leetcode.tlog\link.write.1.tlog
